<?xml version="1.0" encoding="UTF-8"?>
<!-- Generated by org.testng.reporters.JUnitReportReporter -->
<testsuite hostname="DESKTOP-QARGP3R" failures="0" tests="3" name="TestLogin.TestLoginUtil" time="65.463" errors="0" timestamp="2022-04-06T15:11:51 IST" skipped="0">
  <testcase classname="TestLogin.TestLoginUtil" name="Login1" time="24.784"/>
  <system-out/>
  <testcase classname="TestLogin.TestLoginUtil" name="Login2" time="19.144"/>
  <system-out/>
  <testcase classname="TestLogin.TestLoginUtil" name="Login3" time="21.535"/>
  <system-out/>
</testsuite> <!-- TestLogin.TestLoginUtil -->
