<?xml version="1.0" encoding="UTF-8"?>
<!-- Generated by org.testng.reporters.JUnitReportReporter -->
<testsuite hostname="DESKTOP-QARGP3R" failures="0" tests="4" name="TestLogin.SignUpTestNG" time="43.711" errors="0" timestamp="2022-04-06T15:15:45 IST" skipped="0">
  <testcase classname="TestLogin.SignUpTestNG" name="signUp1" time="11.384"/>
  <system-out/>
  <testcase classname="TestLogin.SignUpTestNG" name="signUp2" time="7.429"/>
  <system-out/>
  <testcase classname="TestLogin.SignUpTestNG" name="signUp3" time="7.283"/>
  <system-out/>
  <testcase classname="TestLogin.SignUpTestNG" name="signUp4" time="17.615"/>
  <system-out/>
</testsuite> <!-- TestLogin.SignUpTestNG -->
