<?xml version="1.0" encoding="UTF-8"?>
<!-- Generated by org.testng.reporters.JUnitReportReporter -->
<testsuite hostname="DESKTOP-QARGP3R" failures="0" tests="3" name="TestLogin.Navigation" time="55.974" errors="0" timestamp="2022-04-06T14:36:39 IST" skipped="0">
  <testcase classname="TestLogin.Navigation" name="Navipage" time="29.024"/>
  <system-out/>
  <testcase classname="TestLogin.Navigation" name="Navipriceplan" time="13.716"/>
  <system-out/>
  <testcase classname="TestLogin.Navigation" name="NaviHome" time="13.234"/>
  <system-out/>
</testsuite> <!-- TestLogin.Navigation -->
