<?xml version="1.0" encoding="UTF-8"?>
<!-- Generated by org.testng.reporters.JUnitReportReporter -->
<testsuite hostname="DESKTOP-QARGP3R" failures="0" tests="3" name="UtilTest.TestLoginUtil" time="78.121" errors="0" timestamp="2022-04-05T18:54:03 IST" skipped="0">
  <testcase classname="UtilTest.TestLoginUtil" name="Login3" time="21.922"/>
  <system-out/>
  <testcase classname="UtilTest.TestLoginUtil" name="Login2" time="21.122"/>
  <system-out/>
  <testcase classname="UtilTest.TestLoginUtil" name="Login" time="35.077"/>
  <system-out/>
</testsuite> <!-- UtilTest.TestLoginUtil -->
