<?xml version="1.0" encoding="UTF-8"?>
<!-- Generated by org.testng.reporters.JUnitReportReporter -->
<testsuite hostname="DESKTOP-QARGP3R" failures="0" tests="3" name="Navigation" time="63.342" errors="0" timestamp="2022-04-06T14:33:24 IST" skipped="0">
  <testcase classname="Navigation" name="Navipage" time="29.316"/>
  <system-out/>
  <testcase classname="Navigation" name="Navipriceplan" time="14.203"/>
  <system-out/>
  <testcase classname="Navigation" name="NaviHome" time="19.823"/>
  <system-out/>
</testsuite> <!-- Navigation -->
